[2022-04-18 21:29:04.550] [renderer1] [critical] Extension 'TabNine.tabnine-vscode CANNOT USE these API proposals 'inlineCompletions'. You MUST start in extension development mode or use the --enable-proposed-api command line flag
[2022-04-18 21:29:04.560] [renderer1] [info] Ignoring configured affinity for 'pub.name' because the extension is unknown or cannot execute.
[2022-04-18 21:29:04.606] [renderer1] [warning] [streetsidesoftware.code-spell-checker]: Cannot register 'cSpell.enableFiletypes'. This property is already registered.
[2022-04-18 21:29:04.933] [renderer1] [error] ["Error: Unknown or unsupported transport “disabled” for address “disabled:”"]
[2022-04-18 21:29:04.934] [renderer1] [warning] Settings Sync: Accounts are not initialized
[2022-04-18 21:29:04.942] [renderer1] [info] Ignoring configured affinity for 'pub.name' because the extension is unknown or cannot execute.
[2022-04-18 21:29:06.844] [renderer1] [error] Cannot convert undefined or null to object: TypeError: Cannot convert undefined or null to object
    at Function.keys (<anonymous>)
    at e.update (/root/.vscode/extensions/fooxly.workspace-1.1.3/out/Main.js:1:4030)
    at e.<anonymous> (/root/.vscode/extensions/fooxly.workspace-1.1.3/out/Main.js:1:2862)
    at /root/.vscode/extensions/fooxly.workspace-1.1.3/out/Main.js:1:1385
    at Object.next (/root/.vscode/extensions/fooxly.workspace-1.1.3/out/Main.js:1:1490)
    at /root/.vscode/extensions/fooxly.workspace-1.1.3/out/Main.js:1:392
    at new Promise (<anonymous>)
    at __awaiter (/root/.vscode/extensions/fooxly.workspace-1.1.3/out/Main.js:1:137)
    at e.<anonymous> (/root/.vscode/extensions/fooxly.workspace-1.1.3/out/Main.js:1:2378)
    at /root/.vscode/extensions/fooxly.workspace-1.1.3/out/Main.js:1:1385
    at Object.next (/root/.vscode/extensions/fooxly.workspace-1.1.3/out/Main.js:1:1490)
    at /root/.vscode/extensions/fooxly.workspace-1.1.3/out/Main.js:1:392
    at new Promise (<anonymous>)
    at __awaiter (/root/.vscode/extensions/fooxly.workspace-1.1.3/out/Main.js:1:137)
    at e.Initialize (/root/.vscode/extensions/fooxly.workspace-1.1.3/out/Main.js:1:1805)
    at new e (/root/.vscode/extensions/fooxly.workspace-1.1.3/out/Main.js:1:1744)
    at activate (/root/.vscode/extensions/fooxly.workspace-1.1.3/out/extension.js:1:259)
    at Function._callActivateOptional (/snap/code/94/usr/share/code/resources/app/out/vs/workbench/api/node/extensionHostProcess.js:90:16070)
    at Function._callActivate (/snap/code/94/usr/share/code/resources/app/out/vs/workbench/api/node/extensionHostProcess.js:90:15731)
    at /snap/code/94/usr/share/code/resources/app/out/vs/workbench/api/node/extensionHostProcess.js:90:13549
    at processTicksAndRejections (node:internal/process/task_queues:96:5)
    at g._activate (/snap/code/94/usr/share/code/resources/app/out/vs/workbench/api/node/extensionHostProcess.js:85:8154)
    at g._waitForDepsThenActivate (/snap/code/94/usr/share/code/resources/app/out/vs/workbench/api/node/extensionHostProcess.js:85:8096)
    at g._initialize (/snap/code/94/usr/share/code/resources/app/out/vs/workbench/api/node/extensionHostProcess.js:85:7460)
